[ 2016-05-30T16:58:06+08:00 ] ::1 /admin/index.php?g=Portal&m=AdminPost&a=index&menuid=7
NOTIC: D方法实例化没找到模型类Portal\Model\PostsModel
ERR: SQLSTATE[42000]: Syntax error or access violation: 1064 You have an error in your SQL syntax; check the manual that corresponds to your MySQL server version for the right syntax to use near 'b.post_author = 5 ) LIMIT 1' at line 1

[ 2016-05-30T16:58:11+08:00 ] ::1 /admin/index.php?g=Portal&m=AdminPost&a=index&menuid=7
NOTIC: D方法实例化没找到模型类Portal\Model\PostsModel
ERR: SQLSTATE[42000]: Syntax error or access violation: 1064 You have an error in your SQL syntax; check the manual that corresponds to your MySQL server version for the right syntax to use near 'b.post_author = 5 ) LIMIT 1' at line 1

[ 2016-05-30T16:58:20+08:00 ] ::1 /admin/index.php?g=Portal&m=AdminPage&a=index&menuid=25
NOTIC: D方法实例化没找到模型类Common\Model\PostsModel

[ 2016-05-30T16:58:21+08:00 ] ::1 /admin/index.php?g=Portal&m=AdminPost&a=index&menuid=7
NOTIC: D方法实例化没找到模型类Portal\Model\PostsModel
ERR: SQLSTATE[42000]: Syntax error or access violation: 1064 You have an error in your SQL syntax; check the manual that corresponds to your MySQL server version for the right syntax to use near 'b.post_author = 5 ) LIMIT 1' at line 1

[ 2016-05-30T17:00:29+08:00 ] ::1 /admin/index.php?g=Portal&m=AdminPost&a=index&menuid=7
NOTIC: D方法实例化没找到模型类Portal\Model\PostsModel
ERR: SQLSTATE[42000]: Syntax error or access violation: 1064 You have an error in your SQL syntax; check the manual that corresponds to your MySQL server version for the right syntax to use near 'b.post_author = 5 ) LIMIT 1' at line 1

[ 2016-05-30T17:01:50+08:00 ] ::1 /admin/index.php?g=Portal&m=AdminPost&a=index&menuid=7
NOTIC: D方法实例化没找到模型类Portal\Model\PostsModel
ERR: SQLSTATE[42000]: Syntax error or access violation: 1064 You have an error in your SQL syntax; check the manual that corresponds to your MySQL server version for the right syntax to use near 'b.post_author = 5 ) LIMIT 1' at line 1

[ 2016-05-30T17:10:20+08:00 ] ::1 /admin/index.php?g=Portal&m=AdminPost&a=index&menuid=7
NOTIC: D方法实例化没找到模型类Portal\Model\PostsModel

[ 2016-05-30T17:10:44+08:00 ] ::1 /admin/index.php?g=Portal&m=AdminPost&a=index&menuid=7
NOTIC: D方法实例化没找到模型类Portal\Model\PostsModel
ERR: SQLSTATE[42000]: Syntax error or access violation: 1064 You have an error in your SQL syntax; check the manual that corresponds to your MySQL server version for the right syntax to use near 'b.post_author = 5 ) LIMIT 1' at line 1

[ 2016-05-30T17:11:14+08:00 ] ::1 /admin/index.php?g=Portal&m=AdminPost&a=index&menuid=7
NOTIC: D方法实例化没找到模型类Portal\Model\PostsModel

[ 2016-05-30T17:11:29+08:00 ] ::1 /admin/index.php?g=Portal&m=AdminPost&a=index&menuid=7
NOTIC: D方法实例化没找到模型类Portal\Model\PostsModel

[ 2016-05-30T17:11:34+08:00 ] ::1 /admin/index.php?g=&m=AdminPost&a=add&term=
NOTIC: D方法实例化没找到模型类Portal\Model\PostsModel

[ 2016-05-30T17:11:53+08:00 ] ::1 /admin/index.php?g=&m=AdminPost&a=add_post
INFO: [ app_begin ] --START--
INFO: Run Behavior\ReadHtmlCacheBehavior [ RunTime:0.001000s ]
INFO: Run Behavior\CheckLangBehavior [ RunTime:0.001000s ]
INFO: [ app_begin ] --END-- [ RunTime:0.002000s ]
SQL: SHOW COLUMNS FROM `cmf_users` [ RunTime:0.0020s ]
SQL: SELECT * FROM `cmf_users` WHERE ( id=5 ) LIMIT 1   [ RunTime:0.0000s ]
SQL: SHOW COLUMNS FROM `cmf_role_user` [ RunTime:0.0020s ]
SQL: SELECT `role_id` FROM cmf_role_user a INNER JOIN cmf_role as b on a.role_id =b.id  WHERE `user_id` = '5' AND `status` = 1  [ RunTime:0.0000s ]
SQL: SHOW COLUMNS FROM `cmf_auth_access` [ RunTime:0.0020s ]
SQL: SELECT * FROM cmf_auth_access a INNER JOIN cmf_auth_rule as b on a.rule_name =b.name  WHERE a.role_id IN ('2') AND b.name IN ('portal/adminpost/add_post')  [ RunTime:0.0010s ]
NOTIC: D方法实例化没找到模型类Portal\Model\PostsModel
SQL: SHOW COLUMNS FROM `cmf_posts` [ RunTime:0.0020s ]
SQL: SHOW COLUMNS FROM `cmf_terms` [ RunTime:0.0010s ]
SQL: SHOW COLUMNS FROM `cmf_term_relationships` [ RunTime:0.0020s ]
SQL: INSERT INTO `cmf_posts` (`post_title`,`post_keywords`,`post_source`,`post_excerpt`,`post_modified`,`post_status`,`istop`,`recommended`,`post_content`,`post_date`,`post_author`,`smeta`) VALUES ('111','111','111','111','2016-05-30 17:11:34','1','0','0','<p>1111</p>','2016-05-30 17:11:53','5','{\"thumb\":\"\"}') [ RunTime:0.0010s ]
SQL: INSERT INTO `cmf_term_relationships` (`term_id`,`object_id`) VALUES ('1','2') [ RunTime:0.0000s ]

[ 2016-05-30T17:11:57+08:00 ] ::1 /admin/index.php?g=&m=AdminPost&a=index
NOTIC: D方法实例化没找到模型类Portal\Model\PostsModel

