[ 2016-05-31T09:42:14+08:00 ] ::1 /admin/index.php?g=Portal&m=AdminPost&a=index&menuid=7
NOTIC: D方法实例化没找到模型类Portal\Model\PostsModel

[ 2016-05-31T09:42:58+08:00 ] ::1 /admin/index.php?g=Portal&m=AdminPost&a=index&menuid=7
NOTIC: D方法实例化没找到模型类Portal\Model\PostsModel

[ 2016-05-31T09:43:28+08:00 ] ::1 /admin/index.php?g=&m=AdminPost&a=add&term=
NOTIC: D方法实例化没找到模型类Portal\Model\PostsModel

[ 2016-05-31T10:02:15+08:00 ] ::1 /admin/index.php?g=&m=AdminPost&a=add_post
INFO: [ app_begin ] --START--
INFO: Run Behavior\ReadHtmlCacheBehavior [ RunTime:0.000000s ]
INFO: Run Behavior\CheckLangBehavior [ RunTime:0.001000s ]
INFO: [ app_begin ] --END-- [ RunTime:0.002000s ]
SQL: SHOW COLUMNS FROM `cmf_users` [ RunTime:0.0020s ]
SQL: SELECT * FROM `cmf_users` WHERE ( id=5 ) LIMIT 1   [ RunTime:0.0010s ]
SQL: SHOW COLUMNS FROM `cmf_role_user` [ RunTime:0.0020s ]
SQL: SELECT `role_id` FROM cmf_role_user a INNER JOIN cmf_role as b on a.role_id =b.id  WHERE `user_id` = '5' AND `status` = 1  [ RunTime:0.0000s ]
SQL: SHOW COLUMNS FROM `cmf_auth_access` [ RunTime:0.0020s ]
SQL: SELECT * FROM cmf_auth_access a INNER JOIN cmf_auth_rule as b on a.rule_name =b.name  WHERE a.role_id IN ('2') AND b.name IN ('portal/adminpost/add_post')  [ RunTime:0.0000s ]
NOTIC: D方法实例化没找到模型类Portal\Model\PostsModel
SQL: SHOW COLUMNS FROM `cmf_posts` [ RunTime:0.0020s ]
SQL: SHOW COLUMNS FROM `cmf_terms` [ RunTime:0.0020s ]
SQL: SHOW COLUMNS FROM `cmf_term_relationships` [ RunTime:0.0020s ]
NOTIC: [2] include(../../../public/phpqrcode/index.php): failed to open stream: No such file or directory C:\wamp\www\admin\application\Portal\Controller\AdminPostController.class.php 第 46 行.
NOTIC: [2] include(): Failed opening '../../../public/phpqrcode/index.php' for inclusion (include_path='.;C:\php\pear') C:\wamp\www\admin\application\Portal\Controller\AdminPostController.class.php 第 46 行.
SQL: INSERT INTO `cmf_posts` (`post_title`,`post_keywords`,`post_source`,`post_excerpt`,`post_modified`,`post_status`,`istop`,`recommended`,`post_content`,`post_date`,`post_author`,`smeta`) VALUES ('111','1111','111','1111','2016-05-31 09:43:28','1','0','0','<p>11111111</p>','2016-05-31 10:02:15','5','{\"thumb\":\"\"}') [ RunTime:0.0010s ]
SQL: INSERT INTO `cmf_term_relationships` (`term_id`,`object_id`) VALUES ('1','3') [ RunTime:0.0000s ]

[ 2016-05-31T10:02:29+08:00 ] ::1 /admin/index.php?g=&m=AdminPost&a=index
NOTIC: D方法实例化没找到模型类Portal\Model\PostsModel

[ 2016-05-31T11:01:37+08:00 ] ::1 /admin/index.php?g=Portal&m=AdminPost&a=index&menuid=7
NOTIC: D方法实例化没找到模型类Portal\Model\PostsModel

[ 2016-05-31T11:01:51+08:00 ] ::1 /admin/index.php?g=&m=AdminPost&a=add&term=
NOTIC: D方法实例化没找到模型类Portal\Model\PostsModel

[ 2016-05-31T11:02:06+08:00 ] ::1 /admin/index.php?g=&m=AdminPost&a=add_post
INFO: [ app_begin ] --START--
INFO: Run Behavior\ReadHtmlCacheBehavior [ RunTime:0.000000s ]
INFO: Run Behavior\CheckLangBehavior [ RunTime:0.001000s ]
INFO: [ app_begin ] --END-- [ RunTime:0.002000s ]
SQL: SHOW COLUMNS FROM `cmf_users` [ RunTime:0.0020s ]
SQL: SELECT * FROM `cmf_users` WHERE ( id=1 ) LIMIT 1   [ RunTime:0.0010s ]
NOTIC: D方法实例化没找到模型类Portal\Model\PostsModel
SQL: SHOW COLUMNS FROM `cmf_posts` [ RunTime:0.0020s ]
SQL: SHOW COLUMNS FROM `cmf_terms` [ RunTime:0.0020s ]
SQL: SHOW COLUMNS FROM `cmf_term_relationships` [ RunTime:0.0020s ]
SQL: INSERT INTO `cmf_posts` (`post_title`,`post_keywords`,`post_source`,`post_excerpt`,`post_modified`,`post_status`,`istop`,`recommended`,`post_content`,`post_date`,`post_author`,`smeta`) VALUES ('22222222','22222222','2222222222','22222222222222','2016-05-31 11:01:51','1','0','0','<p>22222222222222222</p>','2016-05-31 11:02:06','1','{\"thumb\":\"\"}') [ RunTime:0.0010s ]

[ 2016-05-31T11:06:32+08:00 ] ::1 /admin/index.php?g=Portal&m=AdminPost&a=index&menuid=7
NOTIC: D方法实例化没找到模型类Portal\Model\PostsModel

[ 2016-05-31T11:06:37+08:00 ] ::1 /admin/index.php?g=&m=AdminPost&a=add&term=
NOTIC: D方法实例化没找到模型类Portal\Model\PostsModel

[ 2016-05-31T11:06:45+08:00 ] ::1 /admin/index.php?g=&m=AdminPost&a=add_post
INFO: [ app_begin ] --START--
INFO: Run Behavior\ReadHtmlCacheBehavior [ RunTime:0.001000s ]
INFO: Run Behavior\CheckLangBehavior [ RunTime:0.001000s ]
INFO: [ app_begin ] --END-- [ RunTime:0.002000s ]
SQL: SHOW COLUMNS FROM `cmf_users` [ RunTime:0.0020s ]
SQL: SELECT * FROM `cmf_users` WHERE ( id=1 ) LIMIT 1   [ RunTime:0.0000s ]
NOTIC: D方法实例化没找到模型类Portal\Model\PostsModel
SQL: SHOW COLUMNS FROM `cmf_posts` [ RunTime:0.0020s ]
SQL: SHOW COLUMNS FROM `cmf_terms` [ RunTime:0.0020s ]
SQL: SHOW COLUMNS FROM `cmf_term_relationships` [ RunTime:0.0020s ]
SQL: INSERT INTO `cmf_posts` (`post_title`,`post_keywords`,`post_source`,`post_excerpt`,`post_modified`,`post_status`,`istop`,`recommended`,`post_content`,`post_date`,`post_author`,`smeta`) VALUES ('333','444','5太55','6666','2016-05-31 11:06:37','1','0','0','<p>2122</p>','2016-05-31 11:06:45','1','{\"thumb\":\"\"}') [ RunTime:0.0010s ]
NOTIC: [8] Undefined variable: qr_name C:\wamp\www\admin\application\Portal\Controller\AdminPostController.class.php 第 76 行.
NOTIC: [2] imagepng(): Filename cannot be empty C:\wamp\www\phpqrcode\qrimage.php 第 43 行.
SQL: SHOW COLUMNS FROM `cmf_posts` [ RunTime:0.0020s ]
SQL: UPDATE `cmf_posts` SET `tdc`='data/upload/images/1464664005.png' WHERE (  id = 5  ) [ RunTime:0.0000s ]
SQL: INSERT INTO `cmf_term_relationships` (`term_id`,`object_id`) VALUES ('1','5') [ RunTime:0.0000s ]

[ 2016-05-31T11:14:48+08:00 ] ::1 /admin/index.php?g=Portal&m=AdminPost&a=index&menuid=7
NOTIC: D方法实例化没找到模型类Portal\Model\PostsModel

[ 2016-05-31T11:14:52+08:00 ] ::1 /admin/index.php?g=&m=AdminPost&a=add&term=
NOTIC: D方法实例化没找到模型类Portal\Model\PostsModel

[ 2016-05-31T11:15:02+08:00 ] ::1 /admin/index.php?g=&m=AdminPost&a=add_post
INFO: [ app_begin ] --START--
INFO: Run Behavior\ReadHtmlCacheBehavior [ RunTime:0.001000s ]
INFO: Run Behavior\CheckLangBehavior [ RunTime:0.001001s ]
INFO: [ app_begin ] --END-- [ RunTime:0.002001s ]
SQL: SHOW COLUMNS FROM `cmf_users` [ RunTime:0.0030s ]
SQL: SELECT * FROM `cmf_users` WHERE ( id=1 ) LIMIT 1   [ RunTime:0.0010s ]
NOTIC: D方法实例化没找到模型类Portal\Model\PostsModel
SQL: SHOW COLUMNS FROM `cmf_posts` [ RunTime:0.0020s ]
SQL: SHOW COLUMNS FROM `cmf_terms` [ RunTime:0.0020s ]
SQL: SHOW COLUMNS FROM `cmf_term_relationships` [ RunTime:0.0020s ]
SQL: INSERT INTO `cmf_posts` (`post_title`,`post_keywords`,`post_source`,`post_excerpt`,`post_modified`,`post_status`,`istop`,`recommended`,`post_content`,`post_date`,`post_author`,`smeta`) VALUES ('22222222222222344','222','22222','22222222222222222','2016-05-31 11:14:52','1','0','0','<p>22222222222222222</p>','2016-05-31 11:15:02','1','{\"thumb\":\"\"}') [ RunTime:0.0000s ]
SQL: SHOW COLUMNS FROM `cmf_posts` [ RunTime:0.0020s ]
SQL: UPDATE `cmf_posts` SET `tdc`='data/upload/images/1464664502.png' WHERE (  id = 6  ) [ RunTime:0.0000s ]
SQL: INSERT INTO `cmf_term_relationships` (`term_id`,`object_id`) VALUES ('1','6') [ RunTime:0.0000s ]

[ 2016-05-31T11:15:06+08:00 ] ::1 /admin/index.php?g=&m=AdminPost&a=index
NOTIC: D方法实例化没找到模型类Portal\Model\PostsModel

[ 2016-05-31T11:46:56+08:00 ] ::1 /admin/index.php?g=&m=AdminPost&a=add&term=
NOTIC: D方法实例化没找到模型类Portal\Model\PostsModel

[ 2016-05-31T11:47:07+08:00 ] ::1 /admin/index.php?g=&m=AdminPost&a=add_post
INFO: [ app_begin ] --START--
INFO: Run Behavior\ReadHtmlCacheBehavior [ RunTime:0.001000s ]
INFO: Run Behavior\CheckLangBehavior [ RunTime:0.002000s ]
INFO: [ app_begin ] --END-- [ RunTime:0.003000s ]
SQL: SHOW COLUMNS FROM `cmf_users` [ RunTime:0.0030s ]
SQL: SELECT * FROM `cmf_users` WHERE ( id=1 ) LIMIT 1   [ RunTime:0.0010s ]
NOTIC: D方法实例化没找到模型类Portal\Model\PostsModel
SQL: SHOW COLUMNS FROM `cmf_posts` [ RunTime:0.0030s ]
SQL: SHOW COLUMNS FROM `cmf_terms` [ RunTime:0.0030s ]
SQL: SHOW COLUMNS FROM `cmf_term_relationships` [ RunTime:0.0030s ]
SQL: INSERT INTO `cmf_posts` (`post_title`,`post_keywords`,`post_source`,`post_excerpt`,`post_modified`,`post_status`,`istop`,`recommended`,`post_content`,`post_date`,`post_author`,`smeta`) VALUES ('55555555555','555555555555','555555555','555555555','2016-05-31 11:46:56','1','0','0','<p>555555555555555555</p>','2016-05-31 11:47:06','1','{\"thumb\":\"\"}') [ RunTime:0.0000s ]
SQL: SHOW COLUMNS FROM `cmf_posts` [ RunTime:0.0020s ]
SQL: UPDATE `cmf_posts` SET `tdc`='data/upload/images/1464666427.png' WHERE (  id = 7  ) [ RunTime:0.0000s ]
SQL: INSERT INTO `cmf_term_relationships` (`term_id`,`object_id`) VALUES ('1','7') [ RunTime:0.0000s ]

[ 2016-05-31T11:47:10+08:00 ] ::1 /admin/index.php?g=&m=AdminPost&a=index
NOTIC: D方法实例化没找到模型类Portal\Model\PostsModel

[ 2016-05-31T11:50:13+08:00 ] ::1 /admin/index.php?g=&m=AdminPost&a=add&term=
NOTIC: D方法实例化没找到模型类Portal\Model\PostsModel

[ 2016-05-31T11:50:33+08:00 ] ::1 /admin/index.php?g=&m=AdminPost&a=add_post
INFO: [ app_begin ] --START--
INFO: Run Behavior\ReadHtmlCacheBehavior [ RunTime:0.001000s ]
INFO: Run Behavior\CheckLangBehavior [ RunTime:0.001000s ]
INFO: [ app_begin ] --END-- [ RunTime:0.002000s ]
SQL: SHOW COLUMNS FROM `cmf_users` [ RunTime:0.0020s ]
SQL: SELECT * FROM `cmf_users` WHERE ( id=1 ) LIMIT 1   [ RunTime:0.0000s ]
NOTIC: D方法实例化没找到模型类Portal\Model\PostsModel
SQL: SHOW COLUMNS FROM `cmf_posts` [ RunTime:0.0020s ]
SQL: SHOW COLUMNS FROM `cmf_terms` [ RunTime:0.0030s ]
SQL: SHOW COLUMNS FROM `cmf_term_relationships` [ RunTime:0.0020s ]
SQL: INSERT INTO `cmf_posts` (`post_title`,`post_keywords`,`post_source`,`post_excerpt`,`post_modified`,`post_status`,`istop`,`recommended`,`post_content`,`post_date`,`post_author`,`smeta`) VALUES ('66666666','6666666666666','6666666666666666','6666666666666','2016-05-31 11:50:13','1','0','0','<p>666666666666666666666</p>','2016-05-31 11:50:33','1','{\"thumb\":\"\"}') [ RunTime:0.0000s ]
ERR: Think\Controller:_server方法不存在！

[ 2016-05-31T11:53:53+08:00 ] ::1 /admin/index.php?g=Portal&m=AdminPost&a=index&menuid=7
NOTIC: D方法实例化没找到模型类Portal\Model\PostsModel

[ 2016-05-31T11:53:58+08:00 ] ::1 /admin/index.php?g=&m=AdminPost&a=add&term=
NOTIC: D方法实例化没找到模型类Portal\Model\PostsModel

[ 2016-05-31T11:54:06+08:00 ] ::1 /admin/Public/js/ueditor/ueditor.parse.js
ERR: 无法加载控制器:Public

[ 2016-05-31T11:54:12+08:00 ] ::1 /admin/index.php?g=&m=AdminPost&a=add_post
INFO: [ app_begin ] --START--
INFO: Run Behavior\ReadHtmlCacheBehavior [ RunTime:0.000000s ]
INFO: Run Behavior\CheckLangBehavior [ RunTime:0.002000s ]
INFO: [ app_begin ] --END-- [ RunTime:0.003000s ]
SQL: SHOW COLUMNS FROM `cmf_users` [ RunTime:0.0020s ]
SQL: SELECT * FROM `cmf_users` WHERE ( id=1 ) LIMIT 1   [ RunTime:0.0000s ]
NOTIC: D方法实例化没找到模型类Portal\Model\PostsModel
SQL: SHOW COLUMNS FROM `cmf_posts` [ RunTime:0.0030s ]
SQL: SHOW COLUMNS FROM `cmf_terms` [ RunTime:0.0020s ]
SQL: SHOW COLUMNS FROM `cmf_term_relationships` [ RunTime:0.0010s ]
SQL: INSERT INTO `cmf_posts` (`post_title`,`post_keywords`,`post_source`,`post_excerpt`,`post_modified`,`post_status`,`istop`,`recommended`,`post_content`,`post_date`,`post_author`,`smeta`) VALUES ('66666666666666','6666666666666666','66666666666666666','6666666666666666666','2016-05-31 11:53:58','1','0','0','<p>6666666666666666666666666<br/></p>','2016-05-31 11:54:12','1','{\"thumb\":\"\"}') [ RunTime:0.0000s ]
SQL: SHOW COLUMNS FROM `cmf_posts` [ RunTime:0.0000s ]
SQL: UPDATE `cmf_posts` SET `tdc`='data/upload/images/1464666852.png' WHERE (  id = 9  ) [ RunTime:0.0000s ]
SQL: INSERT INTO `cmf_term_relationships` (`term_id`,`object_id`) VALUES ('1','9') [ RunTime:0.0000s ]

[ 2016-05-31T11:54:17+08:00 ] ::1 /admin/index.php?g=&m=AdminPost&a=index
NOTIC: D方法实例化没找到模型类Portal\Model\PostsModel

[ 2016-05-31T11:55:35+08:00 ] ::1 /admin/index.php?g=&m=AdminPost&a=add&term=
NOTIC: D方法实例化没找到模型类Portal\Model\PostsModel

[ 2016-05-31T11:55:50+08:00 ] ::1 /admin/index.php?g=&m=AdminPost&a=add_post
INFO: [ app_begin ] --START--
INFO: Run Behavior\ReadHtmlCacheBehavior [ RunTime:0.001001s ]
INFO: Run Behavior\CheckLangBehavior [ RunTime:0.002000s ]
INFO: [ app_begin ] --END-- [ RunTime:0.003001s ]
SQL: SHOW COLUMNS FROM `cmf_users` [ RunTime:0.0030s ]
SQL: SELECT * FROM `cmf_users` WHERE ( id=1 ) LIMIT 1   [ RunTime:0.0000s ]
NOTIC: D方法实例化没找到模型类Portal\Model\PostsModel
SQL: SHOW COLUMNS FROM `cmf_posts` [ RunTime:0.0020s ]
SQL: SHOW COLUMNS FROM `cmf_terms` [ RunTime:0.0020s ]
SQL: SHOW COLUMNS FROM `cmf_term_relationships` [ RunTime:0.0020s ]
SQL: INSERT INTO `cmf_posts` (`post_title`,`post_keywords`,`post_source`,`post_excerpt`,`post_modified`,`post_status`,`istop`,`recommended`,`post_content`,`post_date`,`post_author`,`smeta`) VALUES ('7777','7777','7777777777','7777777777','2016-05-31 11:55:35','1','0','0','<p>77777777777777</p>','2016-05-31 11:55:50','1','{\"thumb\":\"\"}') [ RunTime:0.0000s ]

[ 2016-05-31T12:02:56+08:00 ] ::1 /admin/index.php?g=Portal&m=AdminPost&a=index&menuid=7
NOTIC: D方法实例化没找到模型类Portal\Model\PostsModel

[ 2016-05-31T12:02:58+08:00 ] ::1 /admin/index.php?g=&m=AdminPost&a=add&term=
NOTIC: D方法实例化没找到模型类Portal\Model\PostsModel

[ 2016-05-31T12:03:14+08:00 ] ::1 /admin/index.php?g=&m=AdminPost&a=add_post
INFO: [ app_begin ] --START--
INFO: Run Behavior\ReadHtmlCacheBehavior [ RunTime:0.002000s ]
INFO: Run Behavior\CheckLangBehavior [ RunTime:0.002001s ]
INFO: [ app_begin ] --END-- [ RunTime:0.005001s ]
SQL: SHOW COLUMNS FROM `cmf_users` [ RunTime:0.0040s ]
SQL: SELECT * FROM `cmf_users` WHERE ( id=1 ) LIMIT 1   [ RunTime:0.0000s ]
NOTIC: D方法实例化没找到模型类Portal\Model\PostsModel
SQL: SHOW COLUMNS FROM `cmf_posts` [ RunTime:0.0020s ]
SQL: SHOW COLUMNS FROM `cmf_terms` [ RunTime:0.0030s ]
SQL: SHOW COLUMNS FROM `cmf_term_relationships` [ RunTime:0.0020s ]
SQL: INSERT INTO `cmf_posts` (`post_title`,`post_keywords`,`post_source`,`post_excerpt`,`post_modified`,`post_status`,`istop`,`recommended`,`post_content`,`post_date`,`post_author`,`smeta`) VALUES ('8888','888','88888888888','8888888888','2016-05-31 12:02:58','1','0','0','<p>888888888888888888888</p>','2016-05-31 12:03:14','1','{\"thumb\":\"\"}') [ RunTime:0.0010s ]
SQL: SHOW COLUMNS FROM `cmf_posts` [ RunTime:0.0020s ]
SQL: UPDATE `cmf_posts` SET `tdc`='data/upload/images/1464667394.png' WHERE (  id = 11  ) [ RunTime:0.0000s ]
SQL: INSERT INTO `cmf_term_relationships` (`term_id`,`object_id`) VALUES ('1','11') [ RunTime:0.0000s ]

[ 2016-05-31T12:03:17+08:00 ] ::1 /admin/index.php?g=&m=AdminPost&a=index
NOTIC: D方法实例化没找到模型类Portal\Model\PostsModel

[ 2016-05-31T12:04:53+08:00 ] ::1 /admin/index.php?g=&m=AdminPost&a=add&term=
NOTIC: D方法实例化没找到模型类Portal\Model\PostsModel

[ 2016-05-31T12:05:12+08:00 ] ::1 /admin/index.php?g=&m=AdminPost&a=add_post
INFO: [ app_begin ] --START--
INFO: Run Behavior\ReadHtmlCacheBehavior [ RunTime:0.000000s ]
INFO: Run Behavior\CheckLangBehavior [ RunTime:0.002000s ]
INFO: [ app_begin ] --END-- [ RunTime:0.003000s ]
SQL: SHOW COLUMNS FROM `cmf_users` [ RunTime:0.0040s ]
SQL: SELECT * FROM `cmf_users` WHERE ( id=1 ) LIMIT 1   [ RunTime:0.0010s ]
NOTIC: D方法实例化没找到模型类Portal\Model\PostsModel
SQL: SHOW COLUMNS FROM `cmf_posts` [ RunTime:0.0020s ]
SQL: SHOW COLUMNS FROM `cmf_terms` [ RunTime:0.0020s ]
SQL: SHOW COLUMNS FROM `cmf_term_relationships` [ RunTime:0.0020s ]
SQL: INSERT INTO `cmf_posts` (`post_title`,`post_keywords`,`post_source`,`post_excerpt`,`post_modified`,`post_status`,`istop`,`recommended`,`post_content`,`post_date`,`post_author`,`smeta`) VALUES ('999999999999999','99999999999999','999999999','9999999999999','2016-05-31 12:04:53','1','0','0','<p>99999999999999999999</p>','2016-05-31 12:05:12','1','{\"thumb\":\"\"}') [ RunTime:0.0010s ]
SQL: SHOW COLUMNS FROM `cmf_posts` [ RunTime:0.0000s ]
SQL: UPDATE `cmf_posts` SET `tdc`='data/upload/images/1464667512.png' WHERE (  id = 12  ) [ RunTime:0.0000s ]
SQL: INSERT INTO `cmf_term_relationships` (`term_id`,`object_id`) VALUES ('1','12') [ RunTime:0.0000s ]

[ 2016-05-31T12:05:14+08:00 ] ::1 /admin/index.php?g=&m=AdminPost&a=index
NOTIC: D方法实例化没找到模型类Portal\Model\PostsModel

[ 2016-05-31T12:10:59+08:00 ] ::1 /admin/index.php?g=&m=AdminPost&a=add&term=
NOTIC: D方法实例化没找到模型类Portal\Model\PostsModel

[ 2016-05-31T12:11:12+08:00 ] ::1 /admin/index.php?g=&m=AdminPost&a=add_post
INFO: [ app_begin ] --START--
INFO: Run Behavior\ReadHtmlCacheBehavior [ RunTime:0.001000s ]
INFO: Run Behavior\CheckLangBehavior [ RunTime:0.001000s ]
INFO: [ app_begin ] --END-- [ RunTime:0.004000s ]
SQL: SHOW COLUMNS FROM `cmf_users` [ RunTime:0.0020s ]
SQL: SELECT * FROM `cmf_users` WHERE ( id=1 ) LIMIT 1   [ RunTime:0.0000s ]
NOTIC: D方法实例化没找到模型类Portal\Model\PostsModel
SQL: SHOW COLUMNS FROM `cmf_posts` [ RunTime:0.0020s ]
SQL: SHOW COLUMNS FROM `cmf_terms` [ RunTime:0.0020s ]
SQL: SHOW COLUMNS FROM `cmf_term_relationships` [ RunTime:0.0020s ]
NOTIC: [8] Array to string conversion C:\wamp\www\admin\application\Portal\Controller\AdminPostController.class.php 第 46 行.

[ 2016-05-31T12:11:45+08:00 ] ::1 /admin/index.php?g=Portal&m=AdminPost&a=index&menuid=7
NOTIC: D方法实例化没找到模型类Portal\Model\PostsModel

[ 2016-05-31T12:11:47+08:00 ] ::1 /admin/index.php?g=&m=AdminPost&a=add&term=
NOTIC: D方法实例化没找到模型类Portal\Model\PostsModel

[ 2016-05-31T12:12:00+08:00 ] ::1 /admin/index.php?g=&m=AdminPost&a=add_post
INFO: [ app_begin ] --START--
INFO: Run Behavior\ReadHtmlCacheBehavior [ RunTime:0.000000s ]
INFO: Run Behavior\CheckLangBehavior [ RunTime:0.001000s ]
INFO: [ app_begin ] --END-- [ RunTime:0.002000s ]
SQL: SHOW COLUMNS FROM `cmf_users` [ RunTime:0.0020s ]
SQL: SELECT * FROM `cmf_users` WHERE ( id=1 ) LIMIT 1   [ RunTime:0.0000s ]
NOTIC: D方法实例化没找到模型类Portal\Model\PostsModel
SQL: SHOW COLUMNS FROM `cmf_posts` [ RunTime:0.0020s ]
SQL: SHOW COLUMNS FROM `cmf_terms` [ RunTime:0.0020s ]
SQL: SHOW COLUMNS FROM `cmf_term_relationships` [ RunTime:0.0020s ]

[ 2016-05-31T12:12:20+08:00 ] ::1 /admin/index.php?g=Portal&m=AdminPost&a=index&menuid=7
NOTIC: D方法实例化没找到模型类Portal\Model\PostsModel

[ 2016-05-31T12:12:23+08:00 ] ::1 /admin/index.php?g=&m=AdminPost&a=add&term=
NOTIC: D方法实例化没找到模型类Portal\Model\PostsModel

[ 2016-05-31T12:12:33+08:00 ] ::1 /admin/index.php?g=&m=AdminPost&a=add_post
INFO: [ app_begin ] --START--
INFO: Run Behavior\ReadHtmlCacheBehavior [ RunTime:0.001000s ]
INFO: Run Behavior\CheckLangBehavior [ RunTime:0.001000s ]
INFO: [ app_begin ] --END-- [ RunTime:0.002000s ]
SQL: SHOW COLUMNS FROM `cmf_users` [ RunTime:0.0020s ]
SQL: SELECT * FROM `cmf_users` WHERE ( id=1 ) LIMIT 1   [ RunTime:0.0000s ]
NOTIC: D方法实例化没找到模型类Portal\Model\PostsModel
SQL: SHOW COLUMNS FROM `cmf_posts` [ RunTime:0.0020s ]
SQL: SHOW COLUMNS FROM `cmf_terms` [ RunTime:0.0020s ]
SQL: SHOW COLUMNS FROM `cmf_term_relationships` [ RunTime:0.0020s ]

[ 2016-05-31T12:14:15+08:00 ] ::1 /admin/index.php?g=Portal&m=AdminPost&a=index&menuid=7
NOTIC: D方法实例化没找到模型类Portal\Model\PostsModel

[ 2016-05-31T12:14:16+08:00 ] ::1 /admin/index.php?g=&m=AdminPost&a=add&term=
NOTIC: D方法实例化没找到模型类Portal\Model\PostsModel

[ 2016-05-31T12:14:47+08:00 ] ::1 /admin/index.php?g=&m=AdminPost&a=add_post
INFO: [ app_begin ] --START--
INFO: Run Behavior\ReadHtmlCacheBehavior [ RunTime:0.001000s ]
INFO: Run Behavior\CheckLangBehavior [ RunTime:0.001000s ]
INFO: [ app_begin ] --END-- [ RunTime:0.003001s ]
SQL: SHOW COLUMNS FROM `cmf_users` [ RunTime:0.0020s ]
SQL: SELECT * FROM `cmf_users` WHERE ( id=1 ) LIMIT 1   [ RunTime:0.0000s ]
NOTIC: D方法实例化没找到模型类Portal\Model\PostsModel
SQL: SHOW COLUMNS FROM `cmf_posts` [ RunTime:0.0030s ]
SQL: SHOW COLUMNS FROM `cmf_terms` [ RunTime:0.0030s ]
SQL: SHOW COLUMNS FROM `cmf_term_relationships` [ RunTime:0.0020s ]
SQL: INSERT INTO `cmf_posts` (`post_title`,`post_keywords`,`post_source`,`post_excerpt`,`post_modified`,`post_status`,`istop`,`recommended`,`post_content`,`post_date`,`post_author`,`smeta`) VALUES ('1212121','121221','12121','121212','2016-05-31 12:14:16','1','0','0','<p>12121212121</p>','2016-05-31 12:14:46','1','{\"thumb\":\"\"}') [ RunTime:0.0010s ]
NOTIC: [8] Undefined variable: module C:\wamp\www\admin\codecenter\Core\Common\functions.php 第 990 行.
NOTIC: [8] Undefined variable: var C:\wamp\www\admin\codecenter\Core\Common\functions.php 第 990 行.
NOTIC: [2] array_reverse() expects parameter 1 to be array, null given C:\wamp\www\admin\codecenter\Core\Common\functions.php 第 990 行.
NOTIC: [2] http_build_query(): Parameter 1 expected to be Array or Object.  Incorrect value given C:\wamp\www\admin\codecenter\Core\Common\functions.php 第 990 行.
SQL: SHOW COLUMNS FROM `cmf_posts` [ RunTime:0.0000s ]
SQL: UPDATE `cmf_posts` SET `tdc`='data/upload/images/1464668086.png' WHERE (  id = 13  ) [ RunTime:0.0000s ]
SQL: INSERT INTO `cmf_term_relationships` (`term_id`,`object_id`) VALUES ('1','13') [ RunTime:0.0000s ]

[ 2016-05-31T12:14:48+08:00 ] ::1 /admin/index.php?g=&m=AdminPost&a=index
NOTIC: D方法实例化没找到模型类Portal\Model\PostsModel

[ 2016-05-31T12:18:27+08:00 ] ::1 /admin/index.php?g=&m=AdminPost&a=add&term=
NOTIC: D方法实例化没找到模型类Portal\Model\PostsModel

[ 2016-05-31T12:18:40+08:00 ] ::1 /admin/index.php?g=&m=AdminPost&a=add_post
INFO: [ app_begin ] --START--
INFO: Run Behavior\ReadHtmlCacheBehavior [ RunTime:0.001000s ]
INFO: Run Behavior\CheckLangBehavior [ RunTime:0.001000s ]
INFO: [ app_begin ] --END-- [ RunTime:0.004000s ]
SQL: SHOW COLUMNS FROM `cmf_users` [ RunTime:0.0020s ]
SQL: SELECT * FROM `cmf_users` WHERE ( id=1 ) LIMIT 1   [ RunTime:0.0000s ]
NOTIC: D方法实例化没找到模型类Portal\Model\PostsModel
SQL: SHOW COLUMNS FROM `cmf_posts` [ RunTime:0.0020s ]
SQL: SHOW COLUMNS FROM `cmf_terms` [ RunTime:0.0040s ]
SQL: SHOW COLUMNS FROM `cmf_term_relationships` [ RunTime:0.0020s ]
SQL: INSERT INTO `cmf_posts` (`post_title`,`post_keywords`,`post_source`,`post_excerpt`,`post_modified`,`post_status`,`istop`,`recommended`,`post_content`,`post_date`,`post_author`,`smeta`) VALUES ('1111131415','12141233','55465','565554','2016-05-31 12:18:27','1','0','0','<p>745655</p>','2016-05-31 12:18:40','1','{\"thumb\":\"\"}') [ RunTime:0.0010s ]
SQL: SHOW COLUMNS FROM `cmf_posts` [ RunTime:0.0020s ]
SQL: UPDATE `cmf_posts` SET `tdc`='data/upload/images/1464668320.png' WHERE (  id = 14  ) [ RunTime:0.0010s ]
SQL: INSERT INTO `cmf_term_relationships` (`term_id`,`object_id`) VALUES ('1','14') [ RunTime:0.0010s ]

[ 2016-05-31T12:18:42+08:00 ] ::1 /admin/index.php?g=&m=AdminPost&a=index
NOTIC: D方法实例化没找到模型类Portal\Model\PostsModel

[ 2016-05-31T12:24:58+08:00 ] ::1 /admin/index.php?g=&m=AdminPost&a=add&term=
NOTIC: D方法实例化没找到模型类Portal\Model\PostsModel

[ 2016-05-31T12:25:18+08:00 ] ::1 /admin/index.php?g=&m=AdminPost&a=add_post
INFO: [ app_begin ] --START--
INFO: Run Behavior\ReadHtmlCacheBehavior [ RunTime:0.001000s ]
INFO: Run Behavior\CheckLangBehavior [ RunTime:0.002000s ]
INFO: [ app_begin ] --END-- [ RunTime:0.003000s ]
SQL: SHOW COLUMNS FROM `cmf_users` [ RunTime:0.0030s ]
SQL: SELECT * FROM `cmf_users` WHERE ( id=1 ) LIMIT 1   [ RunTime:0.0000s ]
NOTIC: D方法实例化没找到模型类Portal\Model\PostsModel
SQL: SHOW COLUMNS FROM `cmf_posts` [ RunTime:0.0030s ]
SQL: SHOW COLUMNS FROM `cmf_terms` [ RunTime:0.0020s ]
SQL: SHOW COLUMNS FROM `cmf_term_relationships` [ RunTime:0.0020s ]
SQL: INSERT INTO `cmf_posts` (`post_title`,`post_keywords`,`post_source`,`post_excerpt`,`post_modified`,`post_status`,`istop`,`recommended`,`post_content`,`post_date`,`post_author`,`smeta`) VALUES ('测试车市','测试车市','测试车市','测试车市','2016-05-31 12:24:58','1','0','0','<p>测试车市</p>','2016-05-31 12:25:18','1','{\"thumb\":\"\"}') [ RunTime:0.0010s ]
SQL: SHOW COLUMNS FROM `cmf_posts` [ RunTime:0.0020s ]
SQL: UPDATE `cmf_posts` SET `tdc`='data/upload/images/1464668718.png' WHERE (  id = 15  ) [ RunTime:0.0000s ]
SQL: INSERT INTO `cmf_term_relationships` (`term_id`,`object_id`) VALUES ('1','15') [ RunTime:0.0010s ]

[ 2016-05-31T12:25:19+08:00 ] ::1 /admin/index.php?g=&m=AdminPost&a=index
NOTIC: D方法实例化没找到模型类Portal\Model\PostsModel

[ 2016-05-31T12:30:45+08:00 ] ::1 /admin/index.php?g=Portal&m=AdminPost&a=index&menuid=7
NOTIC: D方法实例化没找到模型类Portal\Model\PostsModel

[ 2016-05-31T12:30:47+08:00 ] ::1 /admin/index.php?g=&m=AdminPost&a=add&term=
NOTIC: D方法实例化没找到模型类Portal\Model\PostsModel

[ 2016-05-31T12:31:49+08:00 ] ::1 /admin/index.php?g=&m=AdminPost&a=add_post
INFO: [ app_begin ] --START--
INFO: Run Behavior\ReadHtmlCacheBehavior [ RunTime:0.000000s ]
INFO: Run Behavior\CheckLangBehavior [ RunTime:0.002000s ]
INFO: [ app_begin ] --END-- [ RunTime:0.003000s ]
SQL: SHOW COLUMNS FROM `cmf_users` [ RunTime:0.0020s ]
SQL: SELECT * FROM `cmf_users` WHERE ( id=1 ) LIMIT 1   [ RunTime:0.0000s ]
NOTIC: D方法实例化没找到模型类Portal\Model\PostsModel
SQL: SHOW COLUMNS FROM `cmf_posts` [ RunTime:0.0020s ]
SQL: SHOW COLUMNS FROM `cmf_terms` [ RunTime:0.0020s ]
SQL: SHOW COLUMNS FROM `cmf_term_relationships` [ RunTime:0.0030s ]
NOTIC: [8] Undefined index: post_content C:\wamp\www\admin\application\Portal\Controller\AdminPostController.class.php 第 65 行.
SQL: INSERT INTO `cmf_posts` (`post_title`,`post_keywords`,`post_source`,`post_excerpt`,`post_modified`,`post_status`,`istop`,`recommended`,`post_date`,`post_author`,`smeta`,`post_content`) VALUES ('测试','测试','测试','测试','2016-05-31 12:30:47','1','0','0','2016-05-31 12:31:48','1','{\"thumb\":\"\"}','') [ RunTime:0.0000s ]
SQL: SHOW COLUMNS FROM `cmf_posts` [ RunTime:0.0020s ]
SQL: UPDATE `cmf_posts` SET `tdc`='data/upload/images/1464669108.png' WHERE (  id = 16  ) [ RunTime:0.0000s ]
SQL: INSERT INTO `cmf_term_relationships` (`term_id`,`object_id`) VALUES ('1','16') [ RunTime:0.0000s ]

[ 2016-05-31T12:31:50+08:00 ] ::1 /admin/index.php?g=&m=AdminPost&a=index
NOTIC: D方法实例化没找到模型类Portal\Model\PostsModel

[ 2016-05-31T13:04:33+08:00 ] ::1 /admin/index.php?g=&m=AdminPost&a=add&term=
NOTIC: D方法实例化没找到模型类Portal\Model\PostsModel

[ 2016-05-31T13:04:43+08:00 ] ::1 /admin/index.php?g=&m=AdminPost&a=add_post
INFO: [ app_begin ] --START--
INFO: Run Behavior\ReadHtmlCacheBehavior [ RunTime:0.001000s ]
INFO: Run Behavior\CheckLangBehavior [ RunTime:0.002000s ]
INFO: [ app_begin ] --END-- [ RunTime:0.004000s ]
SQL: SHOW COLUMNS FROM `cmf_users` [ RunTime:0.0020s ]
SQL: SELECT * FROM `cmf_users` WHERE ( id=1 ) LIMIT 1   [ RunTime:0.0000s ]
NOTIC: D方法实例化没找到模型类Portal\Model\PostsModel
SQL: SHOW COLUMNS FROM `cmf_posts` [ RunTime:0.0030s ]
SQL: SHOW COLUMNS FROM `cmf_terms` [ RunTime:0.0020s ]
SQL: SHOW COLUMNS FROM `cmf_term_relationships` [ RunTime:0.0030s ]
SQL: INSERT INTO `cmf_posts` (`post_title`,`post_keywords`,`post_source`,`post_excerpt`,`post_modified`,`post_status`,`istop`,`recommended`,`post_content`,`post_date`,`post_author`,`smeta`) VALUES ('1111','111','111111','111','2016-05-31 13:04:33','1','0','0','<p>11111</p>','2016-05-31 13:04:43','1','{\"thumb\":\"\"}') [ RunTime:0.0010s ]
SQL: SHOW COLUMNS FROM `cmf_posts` [ RunTime:0.0000s ]
SQL: UPDATE `cmf_posts` SET `tdc`='data/upload/images/1464671083.png' WHERE (  id = 17  ) [ RunTime:0.0000s ]
SQL: INSERT INTO `cmf_term_relationships` (`term_id`,`object_id`) VALUES ('1','17') [ RunTime:0.0000s ]

[ 2016-05-31T13:04:44+08:00 ] ::1 /admin/index.php?g=&m=AdminPost&a=index
NOTIC: D方法实例化没找到模型类Portal\Model\PostsModel

[ 2016-05-31T13:54:31+08:00 ] ::1 /admin/index.php?g=Portal&m=AdminPost&a=index&menuid=7
NOTIC: D方法实例化没找到模型类Portal\Model\PostsModel

[ 2016-05-31T13:54:50+08:00 ] ::1 /admin/index.php?g=Portal&m=AdminPost&a=index&menuid=7
NOTIC: D方法实例化没找到模型类Portal\Model\PostsModel

[ 2016-05-31T13:55:51+08:00 ] ::1 /admin/index.php?g=Portal&m=AdminPost&a=index&menuid=7
NOTIC: D方法实例化没找到模型类Portal\Model\PostsModel

[ 2016-05-31T13:59:38+08:00 ] ::1 /admin/index.php?g=Portal&m=AdminPost&a=index&menuid=7
NOTIC: D方法实例化没找到模型类Portal\Model\PostsModel

[ 2016-05-31T14:00:12+08:00 ] ::1 /admin/index.php?g=Portal&m=AdminPost&a=index&menuid=7
NOTIC: D方法实例化没找到模型类Portal\Model\PostsModel

[ 2016-05-31T14:03:52+08:00 ] ::1 /admin/index.php?g=Portal&m=AdminPost&a=index&menuid=7
NOTIC: D方法实例化没找到模型类Portal\Model\PostsModel

[ 2016-05-31T14:07:41+08:00 ] ::1 /admin/index.php?g=Portal&m=AdminPost&a=index&menuid=7
NOTIC: D方法实例化没找到模型类Portal\Model\PostsModel

[ 2016-05-31T14:15:53+08:00 ] ::1 /admin/index.php?g=Portal&m=AdminPost&a=index&menuid=7
NOTIC: D方法实例化没找到模型类Portal\Model\PostsModel

[ 2016-05-31T14:16:28+08:00 ] ::1 /admin/index.php?g=Portal&m=AdminPost&a=index&menuid=7
NOTIC: D方法实例化没找到模型类Portal\Model\PostsModel

[ 2016-05-31T14:17:18+08:00 ] ::1 /admin/index.php?g=Portal&m=AdminPost&a=index&menuid=7
NOTIC: D方法实例化没找到模型类Portal\Model\PostsModel

[ 2016-05-31T14:17:34+08:00 ] ::1 /admin/index.php?g=Portal&m=AdminPost&a=index&menuid=7
NOTIC: D方法实例化没找到模型类Portal\Model\PostsModel

[ 2016-05-31T14:20:04+08:00 ] ::1 /admin/index.php?g=Portal&m=AdminPost&a=index&menuid=7
NOTIC: D方法实例化没找到模型类Portal\Model\PostsModel

[ 2016-05-31T14:20:52+08:00 ] ::1 /admin/index.php?g=Portal&m=AdminPost&a=index&menuid=7
NOTIC: D方法实例化没找到模型类Portal\Model\PostsModel

[ 2016-05-31T14:22:00+08:00 ] ::1 /admin/index.php?g=Portal&m=AdminPost&a=index&menuid=7
NOTIC: D方法实例化没找到模型类Portal\Model\PostsModel

[ 2016-05-31T14:22:24+08:00 ] ::1 /admin/index.php?g=Portal&m=AdminPost&a=index&menuid=7
NOTIC: D方法实例化没找到模型类Portal\Model\PostsModel

[ 2016-05-31T14:26:34+08:00 ] ::1 /admin/index.php?g=Portal&m=AdminPost&a=index&menuid=7
NOTIC: D方法实例化没找到模型类Portal\Model\PostsModel

[ 2016-05-31T14:27:01+08:00 ] ::1 /admin/index.php?g=Portal&m=AdminPost&a=index&menuid=7
NOTIC: D方法实例化没找到模型类Portal\Model\PostsModel

[ 2016-05-31T14:27:53+08:00 ] ::1 /admin/index.php?g=Portal&m=AdminPost&a=index&menuid=7
NOTIC: D方法实例化没找到模型类Portal\Model\PostsModel

[ 2016-05-31T14:27:55+08:00 ] ::1 /admin/index.php?g=Portal&m=AdminPost&a=index&menuid=7
NOTIC: D方法实例化没找到模型类Portal\Model\PostsModel

[ 2016-05-31T14:27:57+08:00 ] ::1 /admin/index.php?g=Portal&m=AdminPost&a=index&menuid=7
NOTIC: D方法实例化没找到模型类Portal\Model\PostsModel

[ 2016-05-31T14:28:03+08:00 ] ::1 /admin/index.php?g=Portal&m=AdminPost&a=index&menuid=7
NOTIC: D方法实例化没找到模型类Portal\Model\PostsModel

[ 2016-05-31T14:31:12+08:00 ] ::1 /admin/index.php?g=Portal&m=AdminPost&a=index&menuid=7
NOTIC: D方法实例化没找到模型类Portal\Model\PostsModel

[ 2016-05-31T14:37:50+08:00 ] ::1 /admin/index.php?g=Portal&m=AdminPost&a=index&menuid=7
NOTIC: D方法实例化没找到模型类Portal\Model\PostsModel

[ 2016-05-31T14:38:47+08:00 ] ::1 /admin/index.php?g=Portal&m=AdminPost&a=index&menuid=7
NOTIC: D方法实例化没找到模型类Portal\Model\PostsModel

[ 2016-05-31T14:39:52+08:00 ] ::1 /admin/index.php?g=Portal&m=AdminPost&a=index&menuid=7
NOTIC: D方法实例化没找到模型类Portal\Model\PostsModel

[ 2016-05-31T14:40:09+08:00 ] ::1 /admin/index.php?g=Portal&m=AdminPost&a=index&menuid=7
NOTIC: D方法实例化没找到模型类Portal\Model\PostsModel

[ 2016-05-31T14:40:47+08:00 ] ::1 /admin/index.php?g=Portal&m=AdminPost&a=index&menuid=7
NOTIC: D方法实例化没找到模型类Portal\Model\PostsModel

[ 2016-05-31T14:42:18+08:00 ] ::1 /admin/index.php?g=Portal&m=AdminPost&a=index&menuid=7
NOTIC: D方法实例化没找到模型类Portal\Model\PostsModel

[ 2016-05-31T14:43:32+08:00 ] ::1 /admin/index.php?g=Portal&m=AdminPost&a=index&menuid=7
NOTIC: D方法实例化没找到模型类Portal\Model\PostsModel

[ 2016-05-31T14:45:15+08:00 ] ::1 /admin/index.php?g=Portal&m=AdminPost&a=index&menuid=7
NOTIC: D方法实例化没找到模型类Portal\Model\PostsModel

[ 2016-05-31T14:45:57+08:00 ] ::1 /admin/index.php?g=Portal&m=AdminPost&a=index&menuid=7
NOTIC: D方法实例化没找到模型类Portal\Model\PostsModel

[ 2016-05-31T14:46:05+08:00 ] ::1 /admin/index.php?g=Portal&m=AdminPost&a=index&menuid=7
NOTIC: D方法实例化没找到模型类Portal\Model\PostsModel

[ 2016-05-31T14:47:00+08:00 ] ::1 /admin/index.php?g=Portal&m=AdminPost&a=index&menuid=7
NOTIC: D方法实例化没找到模型类Portal\Model\PostsModel

[ 2016-05-31T14:52:15+08:00 ] ::1 /admin/index.php?g=Portal&m=AdminPost&a=index&menuid=7
NOTIC: D方法实例化没找到模型类Portal\Model\PostsModel

[ 2016-05-31T15:01:06+08:00 ] ::1 /admin/index.php?g=Portal&m=AdminPost&a=index&menuid=7
NOTIC: D方法实例化没找到模型类Portal\Model\PostsModel

[ 2016-05-31T15:01:39+08:00 ] ::1 /admin/index.php?g=Portal&m=AdminPost&a=index&menuid=7
NOTIC: D方法实例化没找到模型类Portal\Model\PostsModel

[ 2016-05-31T15:02:13+08:00 ] ::1 /admin/index.php?g=Portal&m=AdminPost&a=index&menuid=7
NOTIC: D方法实例化没找到模型类Portal\Model\PostsModel

[ 2016-05-31T15:03:01+08:00 ] ::1 /admin/index.php?g=Portal&m=AdminPost&a=index&menuid=7
NOTIC: D方法实例化没找到模型类Portal\Model\PostsModel

[ 2016-05-31T15:04:00+08:00 ] ::1 /admin/index.php?g=Portal&m=AdminPost&a=index&menuid=7
NOTIC: D方法实例化没找到模型类Portal\Model\PostsModel

[ 2016-05-31T15:04:30+08:00 ] ::1 /admin/index.php?g=Portal&m=AdminPost&a=index&menuid=7
NOTIC: D方法实例化没找到模型类Portal\Model\PostsModel

[ 2016-05-31T15:05:54+08:00 ] ::1 /admin/index.php?g=Portal&m=AdminPost&a=index&menuid=7
NOTIC: D方法实例化没找到模型类Portal\Model\PostsModel

[ 2016-05-31T15:13:29+08:00 ] ::1 /admin/index.php?g=Portal&m=AdminPost&a=index&menuid=7
NOTIC: D方法实例化没找到模型类Portal\Model\PostsModel

[ 2016-05-31T15:14:05+08:00 ] ::1 /admin/index.php?g=Portal&m=AdminPost&a=index&menuid=7
NOTIC: D方法实例化没找到模型类Portal\Model\PostsModel

[ 2016-05-31T15:14:30+08:00 ] ::1 /admin/index.php?g=Portal&m=AdminPost&a=index&menuid=7
NOTIC: D方法实例化没找到模型类Portal\Model\PostsModel

[ 2016-05-31T15:14:41+08:00 ] ::1 /admin/index.php?g=Portal&m=AdminPost&a=index&menuid=7
NOTIC: D方法实例化没找到模型类Portal\Model\PostsModel

[ 2016-05-31T15:15:02+08:00 ] ::1 /admin/index.php?g=Portal&m=AdminPost&a=index&menuid=7
NOTIC: D方法实例化没找到模型类Portal\Model\PostsModel

[ 2016-05-31T15:15:20+08:00 ] ::1 /admin/index.php?g=Portal&m=AdminPost&a=index&menuid=7
NOTIC: D方法实例化没找到模型类Portal\Model\PostsModel

[ 2016-05-31T15:16:04+08:00 ] ::1 /admin/index.php?g=Portal&m=AdminPost&a=index&menuid=7
NOTIC: D方法实例化没找到模型类Portal\Model\PostsModel

[ 2016-05-31T15:16:39+08:00 ] ::1 /admin/index.php?g=Portal&m=AdminPost&a=index&menuid=7
NOTIC: D方法实例化没找到模型类Portal\Model\PostsModel

[ 2016-05-31T15:16:57+08:00 ] ::1 /admin/index.php?g=Portal&m=AdminPost&a=index&menuid=7
NOTIC: D方法实例化没找到模型类Portal\Model\PostsModel

[ 2016-05-31T15:20:37+08:00 ] ::1 /admin/index.php?g=Portal&m=AdminPost&a=index&menuid=7
NOTIC: D方法实例化没找到模型类Portal\Model\PostsModel

[ 2016-05-31T15:21:57+08:00 ] ::1 /admin/index.php?g=Portal&m=AdminPost&a=index&menuid=7
NOTIC: D方法实例化没找到模型类Portal\Model\PostsModel

[ 2016-05-31T15:48:19+08:00 ] ::1 /admin/index.php?g=Portal&m=AdminPost&a=index&menuid=7
NOTIC: D方法实例化没找到模型类Portal\Model\PostsModel

[ 2016-05-31T15:49:11+08:00 ] ::1 /admin/index.php?g=Portal&m=AdminPost&a=index&menuid=7
NOTIC: D方法实例化没找到模型类Portal\Model\PostsModel

[ 2016-05-31T15:49:49+08:00 ] ::1 /admin/index.php?g=Portal&m=AdminPost&a=index&menuid=7
NOTIC: D方法实例化没找到模型类Portal\Model\PostsModel

[ 2016-05-31T15:53:58+08:00 ] ::1 /admin/index.php?g=Portal&m=AdminPost&a=index&menuid=7
NOTIC: D方法实例化没找到模型类Portal\Model\PostsModel

[ 2016-05-31T15:54:21+08:00 ] ::1 /admin/index.php?g=Portal&m=AdminPost&a=index&menuid=7
NOTIC: D方法实例化没找到模型类Portal\Model\PostsModel

